mode: set
github.com/EngSteven/pso-http-server/internal/algorithms/compress.go:37.81,42.16 2 1
github.com/EngSteven/pso-http-server/internal/algorithms/compress.go:42.16,45.3 1 1
github.com/EngSteven/pso-http-server/internal/algorithms/compress.go:47.2,47.17 1 1
github.com/EngSteven/pso-http-server/internal/algorithms/compress.go:47.17,49.3 1 1
github.com/EngSteven/pso-http-server/internal/algorithms/compress.go:53.2,54.16 2 1
github.com/EngSteven/pso-http-server/internal/algorithms/compress.go:54.16,57.3 2 1
github.com/EngSteven/pso-http-server/internal/algorithms/compress.go:58.2,70.32 6 1
github.com/EngSteven/pso-http-server/internal/algorithms/compress.go:71.14,76.17 3 1
github.com/EngSteven/pso-http-server/internal/algorithms/compress.go:76.17,79.4 2 0
github.com/EngSteven/pso-http-server/internal/algorithms/compress.go:80.3,90.7 6 1
github.com/EngSteven/pso-http-server/internal/algorithms/compress.go:90.7,93.11 1 1
github.com/EngSteven/pso-http-server/internal/algorithms/compress.go:94.20,98.50 3 0
github.com/EngSteven/pso-http-server/internal/algorithms/compress.go:99.12,99.12 0 1
github.com/EngSteven/pso-http-server/internal/algorithms/compress.go:104.4,105.13 2 1
github.com/EngSteven/pso-http-server/internal/algorithms/compress.go:105.13,107.5 1 1
github.com/EngSteven/pso-http-server/internal/algorithms/compress.go:108.4,108.21 1 1
github.com/EngSteven/pso-http-server/internal/algorithms/compress.go:108.21,109.10 1 1
github.com/EngSteven/pso-http-server/internal/algorithms/compress.go:111.4,111.18 1 1
github.com/EngSteven/pso-http-server/internal/algorithms/compress.go:111.18,114.5 2 0
github.com/EngSteven/pso-http-server/internal/algorithms/compress.go:117.12,123.17 4 1
github.com/EngSteven/pso-http-server/internal/algorithms/compress.go:123.17,126.4 2 0
github.com/EngSteven/pso-http-server/internal/algorithms/compress.go:127.3,135.35 4 1
github.com/EngSteven/pso-http-server/internal/algorithms/compress.go:135.35,138.4 2 0
github.com/EngSteven/pso-http-server/internal/algorithms/compress.go:140.10,144.60 1 1
github.com/EngSteven/pso-http-server/internal/algorithms/compress.go:149.2,164.64 4 1
github.com/EngSteven/pso-http-server/internal/algorithms/createfile.go:33.93,38.33 2 1
github.com/EngSteven/pso-http-server/internal/algorithms/createfile.go:38.33,41.3 1 1
github.com/EngSteven/pso-http-server/internal/algorithms/createfile.go:44.2,44.17 1 1
github.com/EngSteven/pso-http-server/internal/algorithms/createfile.go:44.17,46.3 1 1
github.com/EngSteven/pso-http-server/internal/algorithms/createfile.go:50.2,50.9 1 1
github.com/EngSteven/pso-http-server/internal/algorithms/createfile.go:51.18,53.46 1 1
github.com/EngSteven/pso-http-server/internal/algorithms/createfile.go:54.10,54.10 0 1
github.com/EngSteven/pso-http-server/internal/algorithms/createfile.go:59.2,63.16 3 1
github.com/EngSteven/pso-http-server/internal/algorithms/createfile.go:63.16,66.3 2 1
github.com/EngSteven/pso-http-server/internal/algorithms/createfile.go:70.2,76.64 2 1
github.com/EngSteven/pso-http-server/internal/algorithms/deletefile.go:30.72,35.16 2 1
github.com/EngSteven/pso-http-server/internal/algorithms/deletefile.go:35.16,38.3 1 1
github.com/EngSteven/pso-http-server/internal/algorithms/deletefile.go:42.2,42.9 1 1
github.com/EngSteven/pso-http-server/internal/algorithms/deletefile.go:43.18,45.46 1 1
github.com/EngSteven/pso-http-server/internal/algorithms/deletefile.go:46.10,46.10 0 1
github.com/EngSteven/pso-http-server/internal/algorithms/deletefile.go:51.2,51.40 1 1
github.com/EngSteven/pso-http-server/internal/algorithms/deletefile.go:51.40,54.3 2 1
github.com/EngSteven/pso-http-server/internal/algorithms/deletefile.go:58.2,64.64 2 1
github.com/EngSteven/pso-http-server/internal/algorithms/factor.go:29.67,34.12 2 1
github.com/EngSteven/pso-http-server/internal/algorithms/factor.go:34.12,37.3 1 1
github.com/EngSteven/pso-http-server/internal/algorithms/factor.go:41.2,41.9 1 1
github.com/EngSteven/pso-http-server/internal/algorithms/factor.go:42.18,44.46 1 0
github.com/EngSteven/pso-http-server/internal/algorithms/factor.go:45.10,45.10 0 1
github.com/EngSteven/pso-http-server/internal/algorithms/factor.go:50.2,55.17 3 1
github.com/EngSteven/pso-http-server/internal/algorithms/factor.go:55.17,57.10 1 1
github.com/EngSteven/pso-http-server/internal/algorithms/factor.go:58.19,60.51 1 0
github.com/EngSteven/pso-http-server/internal/algorithms/factor.go:61.11,63.12 2 1
github.com/EngSteven/pso-http-server/internal/algorithms/factor.go:69.2,69.65 1 1
github.com/EngSteven/pso-http-server/internal/algorithms/factor.go:69.65,71.10 1 1
github.com/EngSteven/pso-http-server/internal/algorithms/factor.go:72.19,74.51 1 0
github.com/EngSteven/pso-http-server/internal/algorithms/factor.go:75.11,77.19 1 1
github.com/EngSteven/pso-http-server/internal/algorithms/factor.go:77.19,80.5 2 1
github.com/EngSteven/pso-http-server/internal/algorithms/factor.go:86.2,86.13 1 1
github.com/EngSteven/pso-http-server/internal/algorithms/factor.go:86.13,88.3 1 1
github.com/EngSteven/pso-http-server/internal/algorithms/factor.go:92.2,98.64 2 1
github.com/EngSteven/pso-http-server/internal/algorithms/fibonacci.go:28.74,31.12 1 1
github.com/EngSteven/pso-http-server/internal/algorithms/fibonacci.go:31.12,34.3 1 1
github.com/EngSteven/pso-http-server/internal/algorithms/fibonacci.go:35.2,40.11 3 1
github.com/EngSteven/pso-http-server/internal/algorithms/fibonacci.go:40.11,42.3 1 1
github.com/EngSteven/pso-http-server/internal/algorithms/fibonacci.go:43.2,43.11 1 1
github.com/EngSteven/pso-http-server/internal/algorithms/fibonacci.go:43.11,48.26 2 1
github.com/EngSteven/pso-http-server/internal/algorithms/fibonacci.go:48.26,51.11 1 1
github.com/EngSteven/pso-http-server/internal/algorithms/fibonacci.go:52.20,54.50 1 0
github.com/EngSteven/pso-http-server/internal/algorithms/fibonacci.go:55.12,55.12 0 1
github.com/EngSteven/pso-http-server/internal/algorithms/fibonacci.go:58.4,58.41 1 1
github.com/EngSteven/pso-http-server/internal/algorithms/fibonacci.go:64.2,67.64 2 1
github.com/EngSteven/pso-http-server/internal/algorithms/grep.go:33.75,38.33 2 1
github.com/EngSteven/pso-http-server/internal/algorithms/grep.go:38.33,41.3 1 1
github.com/EngSteven/pso-http-server/internal/algorithms/grep.go:45.2,46.16 2 1
github.com/EngSteven/pso-http-server/internal/algorithms/grep.go:46.16,49.3 2 1
github.com/EngSteven/pso-http-server/internal/algorithms/grep.go:53.2,54.16 2 1
github.com/EngSteven/pso-http-server/internal/algorithms/grep.go:54.16,57.3 2 1
github.com/EngSteven/pso-http-server/internal/algorithms/grep.go:58.2,72.21 6 1
github.com/EngSteven/pso-http-server/internal/algorithms/grep.go:72.21,75.10 1 1
github.com/EngSteven/pso-http-server/internal/algorithms/grep.go:76.19,78.61 1 0
github.com/EngSteven/pso-http-server/internal/algorithms/grep.go:79.11,79.11 0 1
github.com/EngSteven/pso-http-server/internal/algorithms/grep.go:84.3,85.27 2 1
github.com/EngSteven/pso-http-server/internal/algorithms/grep.go:85.27,89.25 2 1
github.com/EngSteven/pso-http-server/internal/algorithms/grep.go:89.25,91.5 1 1
github.com/EngSteven/pso-http-server/internal/algorithms/grep.go:97.2,97.38 1 1
github.com/EngSteven/pso-http-server/internal/algorithms/grep.go:97.38,100.3 2 1
github.com/EngSteven/pso-http-server/internal/algorithms/grep.go:104.2,112.64 2 1
github.com/EngSteven/pso-http-server/internal/algorithms/hash.go:33.70,38.16 2 1
github.com/EngSteven/pso-http-server/internal/algorithms/hash.go:38.16,41.3 1 1
github.com/EngSteven/pso-http-server/internal/algorithms/hash.go:45.2,45.9 1 1
github.com/EngSteven/pso-http-server/internal/algorithms/hash.go:46.18,48.46 1 0
github.com/EngSteven/pso-http-server/internal/algorithms/hash.go:49.10,49.10 0 1
github.com/EngSteven/pso-http-server/internal/algorithms/hash.go:54.2,70.64 6 1
github.com/EngSteven/pso-http-server/internal/algorithms/hashfile.go:39.76,44.16 2 1
github.com/EngSteven/pso-http-server/internal/algorithms/hashfile.go:44.16,47.3 1 0
github.com/EngSteven/pso-http-server/internal/algorithms/hashfile.go:49.2,49.16 1 1
github.com/EngSteven/pso-http-server/internal/algorithms/hashfile.go:49.16,51.3 1 0
github.com/EngSteven/pso-http-server/internal/algorithms/hashfile.go:55.2,56.31 2 1
github.com/EngSteven/pso-http-server/internal/algorithms/hashfile.go:57.16,58.19 1 1
github.com/EngSteven/pso-http-server/internal/algorithms/hashfile.go:59.14,60.17 1 0
github.com/EngSteven/pso-http-server/internal/algorithms/hashfile.go:61.16,62.19 1 0
github.com/EngSteven/pso-http-server/internal/algorithms/hashfile.go:63.13,64.16 1 0
github.com/EngSteven/pso-http-server/internal/algorithms/hashfile.go:65.10,67.82 1 1
github.com/EngSteven/pso-http-server/internal/algorithms/hashfile.go:72.2,73.16 2 1
github.com/EngSteven/pso-http-server/internal/algorithms/hashfile.go:73.16,76.3 2 1
github.com/EngSteven/pso-http-server/internal/algorithms/hashfile.go:77.2,87.6 5 1
github.com/EngSteven/pso-http-server/internal/algorithms/hashfile.go:87.6,89.10 1 1
github.com/EngSteven/pso-http-server/internal/algorithms/hashfile.go:90.19,92.61 1 1
github.com/EngSteven/pso-http-server/internal/algorithms/hashfile.go:93.11,93.11 0 1
github.com/EngSteven/pso-http-server/internal/algorithms/hashfile.go:98.3,99.12 2 1
github.com/EngSteven/pso-http-server/internal/algorithms/hashfile.go:99.12,102.4 2 1
github.com/EngSteven/pso-http-server/internal/algorithms/hashfile.go:103.3,103.17 1 1
github.com/EngSteven/pso-http-server/internal/algorithms/hashfile.go:103.17,104.9 1 1
github.com/EngSteven/pso-http-server/internal/algorithms/hashfile.go:110.2,122.64 3 1
github.com/EngSteven/pso-http-server/internal/algorithms/isprime.go:32.80,37.12 2 1
github.com/EngSteven/pso-http-server/internal/algorithms/isprime.go:37.12,40.3 1 1
github.com/EngSteven/pso-http-server/internal/algorithms/isprime.go:44.2,44.18 1 1
github.com/EngSteven/pso-http-server/internal/algorithms/isprime.go:44.18,46.3 1 1
github.com/EngSteven/pso-http-server/internal/algorithms/isprime.go:50.2,50.9 1 1
github.com/EngSteven/pso-http-server/internal/algorithms/isprime.go:51.18,53.46 1 1
github.com/EngSteven/pso-http-server/internal/algorithms/isprime.go:54.10,54.10 0 1
github.com/EngSteven/pso-http-server/internal/algorithms/isprime.go:59.2,60.16 2 1
github.com/EngSteven/pso-http-server/internal/algorithms/isprime.go:61.15,63.39 1 1
github.com/EngSteven/pso-http-server/internal/algorithms/isprime.go:64.16,66.40 1 1
github.com/EngSteven/pso-http-server/internal/algorithms/isprime.go:67.10,69.70 1 1
github.com/EngSteven/pso-http-server/internal/algorithms/isprime.go:74.2,81.64 2 1
github.com/EngSteven/pso-http-server/internal/algorithms/isprime.go:95.60,98.11 1 1
github.com/EngSteven/pso-http-server/internal/algorithms/isprime.go:98.11,100.3 1 0
github.com/EngSteven/pso-http-server/internal/algorithms/isprime.go:101.2,101.12 1 1
github.com/EngSteven/pso-http-server/internal/algorithms/isprime.go:101.12,103.3 1 1
github.com/EngSteven/pso-http-server/internal/algorithms/isprime.go:104.2,104.14 1 1
github.com/EngSteven/pso-http-server/internal/algorithms/isprime.go:104.14,106.3 1 1
github.com/EngSteven/pso-http-server/internal/algorithms/isprime.go:110.2,114.40 2 1
github.com/EngSteven/pso-http-server/internal/algorithms/isprime.go:114.40,117.10 1 1
github.com/EngSteven/pso-http-server/internal/algorithms/isprime.go:118.19,119.16 1 0
github.com/EngSteven/pso-http-server/internal/algorithms/isprime.go:120.11,123.16 1 1
github.com/EngSteven/pso-http-server/internal/algorithms/isprime.go:123.16,125.5 1 1
github.com/EngSteven/pso-http-server/internal/algorithms/isprime.go:130.2,130.13 1 1
github.com/EngSteven/pso-http-server/internal/algorithms/isprime.go:144.65,147.11 1 1
github.com/EngSteven/pso-http-server/internal/algorithms/isprime.go:147.11,149.3 1 0
github.com/EngSteven/pso-http-server/internal/algorithms/isprime.go:150.2,150.22 1 1
github.com/EngSteven/pso-http-server/internal/algorithms/isprime.go:150.22,152.3 1 0
github.com/EngSteven/pso-http-server/internal/algorithms/isprime.go:153.2,153.14 1 1
github.com/EngSteven/pso-http-server/internal/algorithms/isprime.go:153.14,155.3 1 0
github.com/EngSteven/pso-http-server/internal/algorithms/isprime.go:159.2,161.15 3 1
github.com/EngSteven/pso-http-server/internal/algorithms/isprime.go:161.15,164.3 2 1
github.com/EngSteven/pso-http-server/internal/algorithms/isprime.go:168.2,168.25 1 1
github.com/EngSteven/pso-http-server/internal/algorithms/isprime.go:168.25,171.10 1 1
github.com/EngSteven/pso-http-server/internal/algorithms/isprime.go:172.19,173.16 1 0
github.com/EngSteven/pso-http-server/internal/algorithms/isprime.go:174.11,186.64 4 1
github.com/EngSteven/pso-http-server/internal/algorithms/isprime.go:186.64,187.13 1 1
github.com/EngSteven/pso-http-server/internal/algorithms/isprime.go:192.4,193.29 2 1
github.com/EngSteven/pso-http-server/internal/algorithms/isprime.go:193.29,196.36 2 1
github.com/EngSteven/pso-http-server/internal/algorithms/isprime.go:196.36,198.11 2 1
github.com/EngSteven/pso-http-server/internal/algorithms/isprime.go:203.4,203.13 1 1
github.com/EngSteven/pso-http-server/internal/algorithms/isprime.go:203.13,205.5 1 1
github.com/EngSteven/pso-http-server/internal/algorithms/isprime.go:210.2,210.13 1 1
github.com/EngSteven/pso-http-server/internal/algorithms/loadtest.go:31.86,36.20 2 1
github.com/EngSteven/pso-http-server/internal/algorithms/loadtest.go:36.20,39.3 1 1
github.com/EngSteven/pso-http-server/internal/algorithms/loadtest.go:40.2,40.22 1 1
github.com/EngSteven/pso-http-server/internal/algorithms/loadtest.go:40.22,43.3 1 1
github.com/EngSteven/pso-http-server/internal/algorithms/loadtest.go:47.2,47.9 1 1
github.com/EngSteven/pso-http-server/internal/algorithms/loadtest.go:48.18,50.58 1 1
github.com/EngSteven/pso-http-server/internal/algorithms/loadtest.go:51.10,51.10 0 1
github.com/EngSteven/pso-http-server/internal/algorithms/loadtest.go:56.2,62.34 4 1
github.com/EngSteven/pso-http-server/internal/algorithms/loadtest.go:62.34,65.10 1 1
github.com/EngSteven/pso-http-server/internal/algorithms/loadtest.go:66.19,68.93 1 0
github.com/EngSteven/pso-http-server/internal/algorithms/loadtest.go:69.11,73.24 2 1
github.com/EngSteven/pso-http-server/internal/algorithms/loadtest.go:73.24,78.12 2 1
github.com/EngSteven/pso-http-server/internal/algorithms/loadtest.go:79.21,85.12 4 0
github.com/EngSteven/pso-http-server/internal/algorithms/loadtest.go:86.13,94.17 4 1
github.com/EngSteven/pso-http-server/internal/algorithms/loadtest.go:102.2,113.64 3 1
github.com/EngSteven/pso-http-server/internal/algorithms/mandelbrot.go:33.102,38.47 2 1
github.com/EngSteven/pso-http-server/internal/algorithms/mandelbrot.go:38.47,41.3 1 1
github.com/EngSteven/pso-http-server/internal/algorithms/mandelbrot.go:45.2,45.9 1 1
github.com/EngSteven/pso-http-server/internal/algorithms/mandelbrot.go:46.18,48.59 1 0
github.com/EngSteven/pso-http-server/internal/algorithms/mandelbrot.go:49.10,49.10 0 1
github.com/EngSteven/pso-http-server/internal/algorithms/mandelbrot.go:54.2,62.30 6 1
github.com/EngSteven/pso-http-server/internal/algorithms/mandelbrot.go:62.30,64.3 1 1
github.com/EngSteven/pso-http-server/internal/algorithms/mandelbrot.go:68.2,68.33 1 1
github.com/EngSteven/pso-http-server/internal/algorithms/mandelbrot.go:68.33,71.10 1 1
github.com/EngSteven/pso-http-server/internal/algorithms/mandelbrot.go:72.19,74.64 1 0
github.com/EngSteven/pso-http-server/internal/algorithms/mandelbrot.go:75.11,78.34 1 1
github.com/EngSteven/pso-http-server/internal/algorithms/mandelbrot.go:78.34,91.40 5 1
github.com/EngSteven/pso-http-server/internal/algorithms/mandelbrot.go:91.40,94.13 1 1
github.com/EngSteven/pso-http-server/internal/algorithms/mandelbrot.go:95.22,97.78 1 0
github.com/EngSteven/pso-http-server/internal/algorithms/mandelbrot.go:98.14,104.13 4 1
github.com/EngSteven/pso-http-server/internal/algorithms/mandelbrot.go:109.5,109.24 1 1
github.com/EngSteven/pso-http-server/internal/algorithms/mandelbrot.go:116.2,117.14 2 1
github.com/EngSteven/pso-http-server/internal/algorithms/mandelbrot.go:117.14,125.3 2 1
github.com/EngSteven/pso-http-server/internal/algorithms/mandelbrot.go:129.2,140.64 2 1
github.com/EngSteven/pso-http-server/internal/algorithms/mandelbrot.go:154.58,158.16 2 1
github.com/EngSteven/pso-http-server/internal/algorithms/mandelbrot.go:158.16,160.3 1 0
github.com/EngSteven/pso-http-server/internal/algorithms/mandelbrot.go:161.2,174.30 5 1
github.com/EngSteven/pso-http-server/internal/algorithms/mandelbrot.go:174.30,175.30 1 1
github.com/EngSteven/pso-http-server/internal/algorithms/mandelbrot.go:175.30,179.4 1 1
github.com/EngSteven/pso-http-server/internal/algorithms/mandelbrot.go:182.3,182.18 1 1
github.com/EngSteven/pso-http-server/internal/algorithms/matrixmul.go:33.85,38.30 2 1
github.com/EngSteven/pso-http-server/internal/algorithms/matrixmul.go:38.30,41.3 1 1
github.com/EngSteven/pso-http-server/internal/algorithms/matrixmul.go:45.2,51.28 4 1
github.com/EngSteven/pso-http-server/internal/algorithms/matrixmul.go:51.28,56.29 3 1
github.com/EngSteven/pso-http-server/internal/algorithms/matrixmul.go:56.29,59.4 2 1
github.com/EngSteven/pso-http-server/internal/algorithms/matrixmul.go:64.2,65.28 2 1
github.com/EngSteven/pso-http-server/internal/algorithms/matrixmul.go:65.28,67.3 1 1
github.com/EngSteven/pso-http-server/internal/algorithms/matrixmul.go:71.2,71.28 1 1
github.com/EngSteven/pso-http-server/internal/algorithms/matrixmul.go:71.28,74.10 1 1
github.com/EngSteven/pso-http-server/internal/algorithms/matrixmul.go:75.19,77.59 1 0
github.com/EngSteven/pso-http-server/internal/algorithms/matrixmul.go:78.11,81.30 1 1
github.com/EngSteven/pso-http-server/internal/algorithms/matrixmul.go:81.30,85.31 2 1
github.com/EngSteven/pso-http-server/internal/algorithms/matrixmul.go:85.31,87.6 1 1
github.com/EngSteven/pso-http-server/internal/algorithms/matrixmul.go:88.5,88.12 1 1
github.com/EngSteven/pso-http-server/internal/algorithms/matrixmul.go:95.2,96.19 2 1
github.com/EngSteven/pso-http-server/internal/algorithms/matrixmul.go:96.19,97.23 1 1
github.com/EngSteven/pso-http-server/internal/algorithms/matrixmul.go:97.23,102.4 2 1
github.com/EngSteven/pso-http-server/internal/algorithms/matrixmul.go:106.2,119.64 3 1
github.com/EngSteven/pso-http-server/internal/algorithms/pi.go:29.72,34.38 2 1
github.com/EngSteven/pso-http-server/internal/algorithms/pi.go:34.38,37.3 1 1
github.com/EngSteven/pso-http-server/internal/algorithms/pi.go:41.2,41.9 1 1
github.com/EngSteven/pso-http-server/internal/algorithms/pi.go:42.18,44.59 1 0
github.com/EngSteven/pso-http-server/internal/algorithms/pi.go:45.10,45.10 0 1
github.com/EngSteven/pso-http-server/internal/algorithms/pi.go:50.2,57.18 3 1
github.com/EngSteven/pso-http-server/internal/algorithms/pi.go:57.18,60.3 1 0
github.com/EngSteven/pso-http-server/internal/algorithms/pi.go:64.2,76.64 3 1
github.com/EngSteven/pso-http-server/internal/algorithms/pi.go:91.67,100.17 4 1
github.com/EngSteven/pso-http-server/internal/algorithms/pi.go:100.17,103.3 1 1
github.com/EngSteven/pso-http-server/internal/algorithms/pi.go:107.2,107.29 1 1
github.com/EngSteven/pso-http-server/internal/algorithms/pi.go:107.29,110.10 1 1
github.com/EngSteven/pso-http-server/internal/algorithms/pi.go:111.19,112.14 1 0
github.com/EngSteven/pso-http-server/internal/algorithms/pi.go:113.11,113.11 0 1
github.com/EngSteven/pso-http-server/internal/algorithms/pi.go:118.3,119.15 2 1
github.com/EngSteven/pso-http-server/internal/algorithms/pi.go:119.15,121.4 1 1
github.com/EngSteven/pso-http-server/internal/algorithms/pi.go:125.3,154.21 12 1
github.com/EngSteven/pso-http-server/internal/algorithms/pi.go:159.2,174.14 6 1
github.com/EngSteven/pso-http-server/internal/algorithms/random.go:31.84,36.16 2 1
github.com/EngSteven/pso-http-server/internal/algorithms/random.go:36.16,39.3 1 1
github.com/EngSteven/pso-http-server/internal/algorithms/random.go:43.2,43.16 1 1
github.com/EngSteven/pso-http-server/internal/algorithms/random.go:43.16,46.3 1 1
github.com/EngSteven/pso-http-server/internal/algorithms/random.go:50.2,50.9 1 1
github.com/EngSteven/pso-http-server/internal/algorithms/random.go:51.18,53.46 1 1
github.com/EngSteven/pso-http-server/internal/algorithms/random.go:54.10,54.10 0 1
github.com/EngSteven/pso-http-server/internal/algorithms/random.go:59.2,67.29 3 1
github.com/EngSteven/pso-http-server/internal/algorithms/random.go:67.29,70.10 1 1
github.com/EngSteven/pso-http-server/internal/algorithms/random.go:71.19,73.48 1 0
github.com/EngSteven/pso-http-server/internal/algorithms/random.go:74.11,77.43 1 1
github.com/EngSteven/pso-http-server/internal/algorithms/random.go:83.2,93.64 2 1
github.com/EngSteven/pso-http-server/internal/algorithms/reverse.go:28.73,33.16 2 1
github.com/EngSteven/pso-http-server/internal/algorithms/reverse.go:33.16,36.3 1 1
github.com/EngSteven/pso-http-server/internal/algorithms/reverse.go:40.2,40.9 1 1
github.com/EngSteven/pso-http-server/internal/algorithms/reverse.go:41.18,43.46 1 1
github.com/EngSteven/pso-http-server/internal/algorithms/reverse.go:44.10,44.10 0 1
github.com/EngSteven/pso-http-server/internal/algorithms/reverse.go:49.2,53.54 2 1
github.com/EngSteven/pso-http-server/internal/algorithms/reverse.go:53.54,57.3 1 1
github.com/EngSteven/pso-http-server/internal/algorithms/reverse.go:61.2,69.64 2 1
github.com/EngSteven/pso-http-server/internal/algorithms/simulate.go:30.91,35.18 2 1
github.com/EngSteven/pso-http-server/internal/algorithms/simulate.go:35.18,38.3 1 1
github.com/EngSteven/pso-http-server/internal/algorithms/simulate.go:42.2,42.20 1 1
github.com/EngSteven/pso-http-server/internal/algorithms/simulate.go:42.20,44.3 1 0
github.com/EngSteven/pso-http-server/internal/algorithms/simulate.go:48.2,48.9 1 1
github.com/EngSteven/pso-http-server/internal/algorithms/simulate.go:49.18,51.60 1 1
github.com/EngSteven/pso-http-server/internal/algorithms/simulate.go:52.10,52.10 0 1
github.com/EngSteven/pso-http-server/internal/algorithms/simulate.go:57.2,57.31 1 1
github.com/EngSteven/pso-http-server/internal/algorithms/simulate.go:57.31,60.10 1 1
github.com/EngSteven/pso-http-server/internal/algorithms/simulate.go:61.19,65.92 2 1
github.com/EngSteven/pso-http-server/internal/algorithms/simulate.go:66.11,69.31 1 1
github.com/EngSteven/pso-http-server/internal/algorithms/simulate.go:75.2,84.64 2 1
github.com/EngSteven/pso-http-server/internal/algorithms/sleep.go:29.67,34.18 2 1
github.com/EngSteven/pso-http-server/internal/algorithms/sleep.go:34.18,37.3 1 1
github.com/EngSteven/pso-http-server/internal/algorithms/sleep.go:41.2,41.9 1 1
github.com/EngSteven/pso-http-server/internal/algorithms/sleep.go:42.18,44.55 1 1
github.com/EngSteven/pso-http-server/internal/algorithms/sleep.go:45.10,45.10 0 1
github.com/EngSteven/pso-http-server/internal/algorithms/sleep.go:50.2,50.31 1 1
github.com/EngSteven/pso-http-server/internal/algorithms/sleep.go:50.31,53.10 1 1
github.com/EngSteven/pso-http-server/internal/algorithms/sleep.go:54.19,58.92 2 1
github.com/EngSteven/pso-http-server/internal/algorithms/sleep.go:59.11,62.31 1 1
github.com/EngSteven/pso-http-server/internal/algorithms/sleep.go:68.2,76.64 2 1
github.com/EngSteven/pso-http-server/internal/algorithms/sortfile.go:35.76,40.16 2 1
github.com/EngSteven/pso-http-server/internal/algorithms/sortfile.go:40.16,43.3 1 1
github.com/EngSteven/pso-http-server/internal/algorithms/sortfile.go:47.2,47.16 1 1
github.com/EngSteven/pso-http-server/internal/algorithms/sortfile.go:47.16,49.3 1 1
github.com/EngSteven/pso-http-server/internal/algorithms/sortfile.go:53.2,53.9 1 1
github.com/EngSteven/pso-http-server/internal/algorithms/sortfile.go:54.18,56.59 1 1
github.com/EngSteven/pso-http-server/internal/algorithms/sortfile.go:57.10,57.10 0 1
github.com/EngSteven/pso-http-server/internal/algorithms/sortfile.go:62.2,64.16 3 1
github.com/EngSteven/pso-http-server/internal/algorithms/sortfile.go:64.16,67.3 2 1
github.com/EngSteven/pso-http-server/internal/algorithms/sortfile.go:68.2,78.21 5 1
github.com/EngSteven/pso-http-server/internal/algorithms/sortfile.go:78.21,81.10 1 1
github.com/EngSteven/pso-http-server/internal/algorithms/sortfile.go:82.19,84.61 1 0
github.com/EngSteven/pso-http-server/internal/algorithms/sortfile.go:85.11,85.11 0 1
github.com/EngSteven/pso-http-server/internal/algorithms/sortfile.go:90.3,91.17 2 1
github.com/EngSteven/pso-http-server/internal/algorithms/sortfile.go:91.17,92.12 1 0
github.com/EngSteven/pso-http-server/internal/algorithms/sortfile.go:94.3,94.47 1 1
github.com/EngSteven/pso-http-server/internal/algorithms/sortfile.go:94.47,96.4 1 1
github.com/EngSteven/pso-http-server/internal/algorithms/sortfile.go:98.2,102.23 2 1
github.com/EngSteven/pso-http-server/internal/algorithms/sortfile.go:102.23,105.3 1 1
github.com/EngSteven/pso-http-server/internal/algorithms/sortfile.go:109.2,110.14 2 1
github.com/EngSteven/pso-http-server/internal/algorithms/sortfile.go:111.15,114.41 1 1
github.com/EngSteven/pso-http-server/internal/algorithms/sortfile.go:115.15,118.21 1 1
github.com/EngSteven/pso-http-server/internal/algorithms/sortfile.go:119.10,123.68 1 1
github.com/EngSteven/pso-http-server/internal/algorithms/sortfile.go:125.2,132.16 5 1
github.com/EngSteven/pso-http-server/internal/algorithms/sortfile.go:132.16,135.3 2 0
github.com/EngSteven/pso-http-server/internal/algorithms/sortfile.go:136.2,141.28 3 1
github.com/EngSteven/pso-http-server/internal/algorithms/sortfile.go:141.28,144.10 1 1
github.com/EngSteven/pso-http-server/internal/algorithms/sortfile.go:145.19,147.61 1 0
github.com/EngSteven/pso-http-server/internal/algorithms/sortfile.go:148.11,151.27 1 1
github.com/EngSteven/pso-http-server/internal/algorithms/sortfile.go:156.2,174.64 4 1
github.com/EngSteven/pso-http-server/internal/algorithms/sortfile.go:187.59,190.19 1 1
github.com/EngSteven/pso-http-server/internal/algorithms/sortfile.go:190.19,192.3 1 1
github.com/EngSteven/pso-http-server/internal/algorithms/sortfile.go:196.2,200.9 2 1
github.com/EngSteven/pso-http-server/internal/algorithms/sortfile.go:201.18,202.13 1 0
github.com/EngSteven/pso-http-server/internal/algorithms/sortfile.go:203.10,203.10 0 1
github.com/EngSteven/pso-http-server/internal/algorithms/sortfile.go:208.2,213.27 3 1
github.com/EngSteven/pso-http-server/internal/algorithms/sortfile.go:226.37,234.38 3 1
github.com/EngSteven/pso-http-server/internal/algorithms/sortfile.go:234.38,237.26 1 1
github.com/EngSteven/pso-http-server/internal/algorithms/sortfile.go:237.26,240.4 2 1
github.com/EngSteven/pso-http-server/internal/algorithms/sortfile.go:240.9,243.4 2 1
github.com/EngSteven/pso-http-server/internal/algorithms/sortfile.go:248.2,251.15 3 1
github.com/EngSteven/pso-http-server/internal/algorithms/timestamp.go:25.61,30.9 2 1
github.com/EngSteven/pso-http-server/internal/algorithms/timestamp.go:31.18,33.46 1 0
github.com/EngSteven/pso-http-server/internal/algorithms/timestamp.go:34.10,34.10 0 1
github.com/EngSteven/pso-http-server/internal/algorithms/timestamp.go:39.2,54.64 3 1
github.com/EngSteven/pso-http-server/internal/algorithms/toupper.go:29.69,34.16 2 1
github.com/EngSteven/pso-http-server/internal/algorithms/toupper.go:34.16,37.3 1 1
github.com/EngSteven/pso-http-server/internal/algorithms/toupper.go:41.2,41.9 1 1
github.com/EngSteven/pso-http-server/internal/algorithms/toupper.go:42.18,44.46 1 0
github.com/EngSteven/pso-http-server/internal/algorithms/toupper.go:45.10,45.10 0 1
github.com/EngSteven/pso-http-server/internal/algorithms/toupper.go:50.2,62.64 3 1
github.com/EngSteven/pso-http-server/internal/algorithms/wordcount.go:32.71,37.16 2 1
github.com/EngSteven/pso-http-server/internal/algorithms/wordcount.go:37.16,40.3 1 0
github.com/EngSteven/pso-http-server/internal/algorithms/wordcount.go:44.2,45.16 2 1
github.com/EngSteven/pso-http-server/internal/algorithms/wordcount.go:45.16,48.3 2 1
github.com/EngSteven/pso-http-server/internal/algorithms/wordcount.go:49.2,66.6 5 1
github.com/EngSteven/pso-http-server/internal/algorithms/wordcount.go:66.6,69.10 1 1
github.com/EngSteven/pso-http-server/internal/algorithms/wordcount.go:70.19,72.61 1 0
github.com/EngSteven/pso-http-server/internal/algorithms/wordcount.go:73.11,73.11 0 1
github.com/EngSteven/pso-http-server/internal/algorithms/wordcount.go:78.3,79.12 2 1
github.com/EngSteven/pso-http-server/internal/algorithms/wordcount.go:79.12,92.4 4 1
github.com/EngSteven/pso-http-server/internal/algorithms/wordcount.go:96.3,96.17 1 1
github.com/EngSteven/pso-http-server/internal/algorithms/wordcount.go:96.17,97.9 1 1
github.com/EngSteven/pso-http-server/internal/algorithms/wordcount.go:103.2,113.64 2 1
